{"/home/diego/Área de Trabalho/StartDB2024 (1)/src/recintos-zoo.js": {"path":"/home/diego/Área de Trabalho/StartDB2024 (1)/src/recintos-zoo.js","all":false,"statementMap":{"0":{"start":{"line":1,"column":0},"end":{"line":1,"column":19}},"1":{"start":{"line":2,"column":0},"end":{"line":2,"column":17}},"2":{"start":{"line":3,"column":0},"end":{"line":3,"column":21}},"3":{"start":{"line":4,"column":0},"end":{"line":4,"column":7}},"4":{"start":{"line":5,"column":0},"end":{"line":5,"column":18}},"5":{"start":{"line":6,"column":0},"end":{"line":6,"column":24}},"6":{"start":{"line":7,"column":0},"end":{"line":7,"column":20}},"7":{"start":{"line":8,"column":0},"end":{"line":8,"column":28}},"8":{"start":{"line":9,"column":0},"end":{"line":9,"column":65}},"9":{"start":{"line":10,"column":0},"end":{"line":10,"column":10}},"10":{"start":{"line":11,"column":0},"end":{"line":11,"column":8}},"11":{"start":{"line":12,"column":0},"end":{"line":12,"column":74}},"12":{"start":{"line":13,"column":0},"end":{"line":13,"column":7}},"13":{"start":{"line":14,"column":0},"end":{"line":14,"column":18}},"14":{"start":{"line":15,"column":0},"end":{"line":15,"column":30}},"15":{"start":{"line":16,"column":0},"end":{"line":16,"column":19}},"16":{"start":{"line":17,"column":0},"end":{"line":17,"column":28}},"17":{"start":{"line":18,"column":0},"end":{"line":18,"column":65}},"18":{"start":{"line":19,"column":0},"end":{"line":19,"column":10}},"19":{"start":{"line":20,"column":0},"end":{"line":20,"column":8}},"20":{"start":{"line":21,"column":0},"end":{"line":21,"column":69}},"21":{"start":{"line":22,"column":0},"end":{"line":22,"column":7}},"22":{"start":{"line":23,"column":0},"end":{"line":23,"column":18}},"23":{"start":{"line":24,"column":0},"end":{"line":24,"column":24}},"24":{"start":{"line":25,"column":0},"end":{"line":25,"column":19}},"25":{"start":{"line":26,"column":0},"end":{"line":26,"column":28}},"26":{"start":{"line":27,"column":0},"end":{"line":27,"column":62}},"27":{"start":{"line":28,"column":0},"end":{"line":28,"column":10}},"28":{"start":{"line":29,"column":0},"end":{"line":29,"column":8}},"29":{"start":{"line":30,"column":0},"end":{"line":30,"column":6}},"30":{"start":{"line":31,"column":0},"end":{"line":31,"column":0}},"31":{"start":{"line":32,"column":0},"end":{"line":32,"column":20}},"32":{"start":{"line":33,"column":0},"end":{"line":33,"column":63}},"33":{"start":{"line":34,"column":0},"end":{"line":34,"column":67}},"34":{"start":{"line":35,"column":0},"end":{"line":35,"column":65}},"35":{"start":{"line":36,"column":0},"end":{"line":36,"column":78}},"36":{"start":{"line":37,"column":0},"end":{"line":37,"column":66}},"37":{"start":{"line":38,"column":0},"end":{"line":38,"column":77}},"38":{"start":{"line":39,"column":0},"end":{"line":39,"column":6}},"39":{"start":{"line":40,"column":0},"end":{"line":40,"column":3}},"40":{"start":{"line":41,"column":0},"end":{"line":41,"column":0}},"41":{"start":{"line":42,"column":0},"end":{"line":42,"column":39}},"42":{"start":{"line":43,"column":0},"end":{"line":43,"column":32}},"43":{"start":{"line":44,"column":0},"end":{"line":44,"column":41}},"44":{"start":{"line":45,"column":0},"end":{"line":45,"column":5}},"45":{"start":{"line":46,"column":0},"end":{"line":46,"column":0}},"46":{"start":{"line":47,"column":0},"end":{"line":47,"column":26}},"47":{"start":{"line":48,"column":0},"end":{"line":48,"column":45}},"48":{"start":{"line":49,"column":0},"end":{"line":49,"column":5}},"49":{"start":{"line":50,"column":0},"end":{"line":50,"column":0}},"50":{"start":{"line":51,"column":0},"end":{"line":51,"column":63}},"51":{"start":{"line":52,"column":0},"end":{"line":52,"column":29}},"52":{"start":{"line":53,"column":0},"end":{"line":53,"column":0}},"53":{"start":{"line":54,"column":0},"end":{"line":54,"column":42}},"54":{"start":{"line":55,"column":0},"end":{"line":55,"column":70}},"55":{"start":{"line":56,"column":0},"end":{"line":56,"column":26}},"56":{"start":{"line":57,"column":0},"end":{"line":57,"column":75}},"57":{"start":{"line":58,"column":0},"end":{"line":58,"column":9}},"58":{"start":{"line":59,"column":0},"end":{"line":59,"column":8}},"59":{"start":{"line":60,"column":0},"end":{"line":60,"column":67}},"60":{"start":{"line":61,"column":0},"end":{"line":61,"column":0}},"61":{"start":{"line":62,"column":0},"end":{"line":62,"column":60}},"62":{"start":{"line":63,"column":0},"end":{"line":63,"column":48}},"63":{"start":{"line":64,"column":0},"end":{"line":64,"column":8}},"64":{"start":{"line":65,"column":0},"end":{"line":65,"column":65}},"65":{"start":{"line":66,"column":0},"end":{"line":66,"column":0}},"66":{"start":{"line":67,"column":0},"end":{"line":67,"column":27}},"67":{"start":{"line":68,"column":0},"end":{"line":68,"column":74}},"68":{"start":{"line":69,"column":0},"end":{"line":69,"column":0}},"69":{"start":{"line":70,"column":0},"end":{"line":70,"column":10}},"70":{"start":{"line":71,"column":0},"end":{"line":71,"column":72}},"71":{"start":{"line":72,"column":0},"end":{"line":72,"column":24}},"72":{"start":{"line":73,"column":0},"end":{"line":73,"column":22}},"73":{"start":{"line":74,"column":0},"end":{"line":74,"column":51}},"74":{"start":{"line":75,"column":0},"end":{"line":75,"column":28}},"75":{"start":{"line":76,"column":0},"end":{"line":76,"column":64}},"76":{"start":{"line":77,"column":0},"end":{"line":77,"column":22}},"77":{"start":{"line":78,"column":0},"end":{"line":78,"column":27}},"78":{"start":{"line":79,"column":0},"end":{"line":79,"column":58}},"79":{"start":{"line":80,"column":0},"end":{"line":80,"column":9}},"80":{"start":{"line":81,"column":0},"end":{"line":81,"column":29}},"81":{"start":{"line":82,"column":0},"end":{"line":82,"column":54}},"82":{"start":{"line":83,"column":0},"end":{"line":83,"column":46}},"83":{"start":{"line":84,"column":0},"end":{"line":84,"column":39}},"84":{"start":{"line":85,"column":0},"end":{"line":85,"column":10}},"85":{"start":{"line":86,"column":0},"end":{"line":86,"column":7}},"86":{"start":{"line":87,"column":0},"end":{"line":87,"column":5}},"87":{"start":{"line":88,"column":0},"end":{"line":88,"column":0}},"88":{"start":{"line":89,"column":0},"end":{"line":89,"column":39}},"89":{"start":{"line":90,"column":0},"end":{"line":90,"column":47}},"90":{"start":{"line":91,"column":0},"end":{"line":91,"column":5}},"91":{"start":{"line":92,"column":0},"end":{"line":92,"column":0}},"92":{"start":{"line":93,"column":0},"end":{"line":93,"column":31}},"93":{"start":{"line":94,"column":0},"end":{"line":94,"column":3}},"94":{"start":{"line":95,"column":0},"end":{"line":95,"column":1}},"95":{"start":{"line":96,"column":0},"end":{"line":96,"column":0}},"96":{"start":{"line":97,"column":0},"end":{"line":97,"column":38}}},"s":{"0":1,"1":1,"2":5,"3":5,"4":5,"5":5,"6":5,"7":5,"8":5,"9":5,"10":5,"11":5,"12":5,"13":5,"14":5,"15":5,"16":5,"17":5,"18":5,"19":5,"20":5,"21":5,"22":5,"23":5,"24":5,"25":5,"26":5,"27":5,"28":5,"29":5,"30":5,"31":5,"32":5,"33":5,"34":5,"35":5,"36":5,"37":5,"38":5,"39":5,"40":1,"41":1,"42":5,"43":1,"44":1,"45":4,"46":5,"47":1,"48":1,"49":3,"50":3,"51":3,"52":3,"53":5,"54":15,"55":15,"56":15,"57":15,"58":15,"59":15,"60":15,"61":15,"62":15,"63":15,"64":15,"65":15,"66":15,"67":15,"68":15,"69":15,"70":15,"71":15,"72":6,"73":6,"74":1,"75":15,"76":5,"77":5,"78":5,"79":15,"80":5,"81":5,"82":5,"83":5,"84":5,"85":5,"86":15,"87":3,"88":5,"89":1,"90":1,"91":2,"92":2,"93":2,"94":1,"95":1,"96":1},"branchMap":{"0":{"type":"branch","line":2,"loc":{"start":{"line":2,"column":2},"end":{"line":40,"column":3}},"locations":[{"start":{"line":2,"column":2},"end":{"line":40,"column":3}}]},"1":{"type":"branch","line":42,"loc":{"start":{"line":42,"column":2},"end":{"line":94,"column":3}},"locations":[{"start":{"line":42,"column":2},"end":{"line":94,"column":3}}]},"2":{"type":"branch","line":43,"loc":{"start":{"line":43,"column":31},"end":{"line":45,"column":5}},"locations":[{"start":{"line":43,"column":31},"end":{"line":45,"column":5}}]},"3":{"type":"branch","line":45,"loc":{"start":{"line":45,"column":4},"end":{"line":47,"column":25}},"locations":[{"start":{"line":45,"column":4},"end":{"line":47,"column":25}}]},"4":{"type":"branch","line":47,"loc":{"start":{"line":47,"column":25},"end":{"line":49,"column":5}},"locations":[{"start":{"line":47,"column":25},"end":{"line":49,"column":5}}]},"5":{"type":"branch","line":49,"loc":{"start":{"line":49,"column":4},"end":{"line":54,"column":41}},"locations":[{"start":{"line":49,"column":4},"end":{"line":54,"column":41}}]},"6":{"type":"branch","line":54,"loc":{"start":{"line":54,"column":41},"end":{"line":87,"column":5}},"locations":[{"start":{"line":54,"column":41},"end":{"line":87,"column":5}}]},"7":{"type":"branch","line":68,"loc":{"start":{"line":68,"column":37},"end":{"line":68,"column":73}},"locations":[{"start":{"line":68,"column":37},"end":{"line":68,"column":73}}]},"8":{"type":"branch","line":71,"loc":{"start":{"line":71,"column":60},"end":{"line":71,"column":64}},"locations":[{"start":{"line":71,"column":60},"end":{"line":71,"column":64}}]},"9":{"type":"branch","line":71,"loc":{"start":{"line":71,"column":64},"end":{"line":71,"column":68}},"locations":[{"start":{"line":71,"column":64},"end":{"line":71,"column":68}}]},"10":{"type":"branch","line":71,"loc":{"start":{"line":71,"column":69},"end":{"line":72,"column":21}},"locations":[{"start":{"line":71,"column":69},"end":{"line":72,"column":21}}]},"11":{"type":"branch","line":72,"loc":{"start":{"line":72,"column":21},"end":{"line":76,"column":61}},"locations":[{"start":{"line":72,"column":21},"end":{"line":76,"column":61}}]},"12":{"type":"branch","line":73,"loc":{"start":{"line":73,"column":19},"end":{"line":74,"column":48}},"locations":[{"start":{"line":73,"column":19},"end":{"line":74,"column":48}}]},"13":{"type":"branch","line":74,"loc":{"start":{"line":74,"column":48},"end":{"line":76,"column":60}},"locations":[{"start":{"line":74,"column":48},"end":{"line":76,"column":60}}]},"14":{"type":"branch","line":75,"loc":{"start":{"line":75,"column":25},"end":{"line":76,"column":60}},"locations":[{"start":{"line":75,"column":25},"end":{"line":76,"column":60}}]},"15":{"type":"branch","line":76,"loc":{"start":{"line":76,"column":61},"end":{"line":79,"column":58}},"locations":[{"start":{"line":76,"column":61},"end":{"line":79,"column":58}}]},"16":{"type":"branch","line":77,"loc":{"start":{"line":77,"column":19},"end":{"line":78,"column":24}},"locations":[{"start":{"line":77,"column":19},"end":{"line":78,"column":24}}]},"17":{"type":"branch","line":78,"loc":{"start":{"line":78,"column":24},"end":{"line":79,"column":57}},"locations":[{"start":{"line":78,"column":24},"end":{"line":79,"column":57}}]},"18":{"type":"branch","line":80,"loc":{"start":{"line":80,"column":8},"end":{"line":86,"column":7}},"locations":[{"start":{"line":80,"column":8},"end":{"line":86,"column":7}}]},"19":{"type":"branch","line":87,"loc":{"start":{"line":87,"column":4},"end":{"line":89,"column":38}},"locations":[{"start":{"line":87,"column":4},"end":{"line":89,"column":38}}]},"20":{"type":"branch","line":89,"loc":{"start":{"line":89,"column":38},"end":{"line":91,"column":5}},"locations":[{"start":{"line":89,"column":38},"end":{"line":91,"column":5}}]},"21":{"type":"branch","line":91,"loc":{"start":{"line":91,"column":4},"end":{"line":94,"column":3}},"locations":[{"start":{"line":91,"column":4},"end":{"line":94,"column":3}}]},"22":{"type":"branch","line":56,"loc":{"start":{"line":56,"column":8},"end":{"line":57,"column":74}},"locations":[{"start":{"line":56,"column":8},"end":{"line":57,"column":74}}]},"23":{"type":"branch","line":63,"loc":{"start":{"line":63,"column":9},"end":{"line":63,"column":48}},"locations":[{"start":{"line":63,"column":9},"end":{"line":63,"column":48}}]}},"b":{"0":[5],"1":[5],"2":[1],"3":[4],"4":[1],"5":[3],"6":[15],"7":[8],"8":[9],"9":[6],"10":[10],"11":[6],"12":[2],"13":[1],"14":[0],"15":[5],"16":[1],"17":[0],"18":[5],"19":[3],"20":[1],"21":[2],"22":[9],"23":[9]},"fnMap":{"0":{"name":"RecintosZoo","decl":{"start":{"line":2,"column":2},"end":{"line":40,"column":3}},"loc":{"start":{"line":2,"column":2},"end":{"line":40,"column":3}},"line":2},"1":{"name":"analisaRecintos","decl":{"start":{"line":42,"column":2},"end":{"line":94,"column":3}},"loc":{"start":{"line":42,"column":2},"end":{"line":94,"column":3}},"line":42}},"f":{"0":5,"1":5}}
}
