TN:
SF:src/recintos-zoo.js
FN:2,RecintosZoo
FN:42,analisaRecintos
FNF:2
FNH:2
FNDA:5,RecintosZoo
FNDA:5,analisaRecintos
DA:1,1
DA:2,1
DA:3,5
DA:4,5
DA:5,5
DA:6,5
DA:7,5
DA:8,5
DA:9,5
DA:10,5
DA:11,5
DA:12,5
DA:13,5
DA:14,5
DA:15,5
DA:16,5
DA:17,5
DA:18,5
DA:19,5
DA:20,5
DA:21,5
DA:22,5
DA:23,5
DA:24,5
DA:25,5
DA:26,5
DA:27,5
DA:28,5
DA:29,5
DA:30,5
DA:31,5
DA:32,5
DA:33,5
DA:34,5
DA:35,5
DA:36,5
DA:37,5
DA:38,5
DA:39,5
DA:40,5
DA:41,1
DA:42,1
DA:43,5
DA:44,1
DA:45,1
DA:46,4
DA:47,5
DA:48,1
DA:49,1
DA:50,3
DA:51,3
DA:52,3
DA:53,3
DA:54,5
DA:55,15
DA:56,15
DA:57,15
DA:58,15
DA:59,15
DA:60,15
DA:61,15
DA:62,15
DA:63,15
DA:64,15
DA:65,15
DA:66,15
DA:67,15
DA:68,15
DA:69,15
DA:70,15
DA:71,15
DA:72,15
DA:73,6
DA:74,6
DA:75,1
DA:76,15
DA:77,5
DA:78,5
DA:79,5
DA:80,15
DA:81,5
DA:82,5
DA:83,5
DA:84,5
DA:85,5
DA:86,5
DA:87,15
DA:88,3
DA:89,5
DA:90,1
DA:91,1
DA:92,2
DA:93,2
DA:94,2
DA:95,1
DA:96,1
DA:97,1
LF:97
LH:97
BRDA:2,0,0,5
BRDA:42,1,0,5
BRDA:43,2,0,1
BRDA:45,3,0,4
BRDA:47,4,0,1
BRDA:49,5,0,3
BRDA:54,6,0,15
BRDA:68,7,0,8
BRDA:71,8,0,9
BRDA:71,9,0,6
BRDA:71,10,0,10
BRDA:72,11,0,6
BRDA:73,12,0,2
BRDA:74,13,0,1
BRDA:75,14,0,0
BRDA:76,15,0,5
BRDA:77,16,0,1
BRDA:78,17,0,0
BRDA:80,18,0,5
BRDA:87,19,0,3
BRDA:89,20,0,1
BRDA:91,21,0,2
BRDA:56,22,0,9
BRDA:63,23,0,9
BRF:24
BRH:22
end_of_record
